[debug] [2022-05-09T13:16:30.229Z] ----------------------------------------------------------------------
[debug] [2022-05-09T13:16:30.231Z] Command:       C:\Program Files\nodejs\node.exe C:\Users\MD Masum Rana\AppData\Roaming\npm\node_modules\firebase-tools\lib\bin\firebase.js init
[debug] [2022-05-09T13:16:30.232Z] CLI Version:   10.6.0
[debug] [2022-05-09T13:16:30.232Z] Platform:      win32
[debug] [2022-05-09T13:16:30.233Z] Node Version:  v16.13.1
[debug] [2022-05-09T13:16:30.234Z] Time:          Mon May 09 2022 19:16:30 GMT+0600 (Bangladesh Standard Time)
[debug] [2022-05-09T13:16:30.234Z] ----------------------------------------------------------------------
[debug] 
[debug] [2022-05-09T13:16:30.237Z] >>> [apiv2][query] GET https://firebase-public.firebaseio.com/cli.json [none]
[debug] [2022-05-09T13:16:30.261Z] > command requires scopes: ["email","openid","https://www.googleapis.com/auth/cloudplatformprojects.readonly","https://www.googleapis.com/auth/firebase","https://www.googleapis.com/auth/cloud-platform"]
[debug] [2022-05-09T13:16:30.261Z] > authorizing via signed-in user (masumtelecomand@gmail.com)
[info] 
     ######## #### ########  ######## ########     ###     ######  ########
     ##        ##  ##     ## ##       ##     ##  ##   ##  ##       ##
     ######    ##  ########  ######   ########  #########  ######  ######
     ##        ##  ##    ##  ##       ##     ## ##     ##       ## ##
     ##       #### ##     ## ######## ########  ##     ##  ######  ########

You're about to initialize a Firebase project in this directory:

  D:\Programming-Hero-course-node\key-two-telecom

[debug] [2022-05-09T13:16:34.423Z] <<< [apiv2][status] GET https://firebase-public.firebaseio.com/cli.json 200
[debug] [2022-05-09T13:16:34.423Z] <<< [apiv2][body] GET https://firebase-public.firebaseio.com/cli.json {"cloudBuildErrorAfter":1594252800000,"cloudBuildWarnAfter":1590019200000,"defaultNode10After":1594252800000,"minVersion":"3.0.5","node8DeploysDisabledAfter":1613390400000,"node8RuntimeDisabledAfter":1615809600000,"node8WarnAfter":1600128000000}
